[INFO] 2025-05-04 17:15:30 - [INFO] Les fichiers `bot.log` et `captured_qr.json` ont été vidés. Demandé par nythique
[ERROR] 2025-05-04 17:15:30 - Ignoring exception in command 'empty'
Traceback (most recent call last):
  File "D:\VisualStudio\Nythique\pdl.bot Ai\core\commands.py", line 190, in empty
    await interaction.response.send_message("Les fichiers `bot.log` et `captured_qr.json` ont été vidés.")
  File "C:\Users\User\AppData\Local\Programs\Python\Python312\Lib\site-packages\discord\interactions.py", line 855, in send_message
    await adapter.create_interaction_response(
  File "C:\Users\User\AppData\Local\Programs\Python\Python312\Lib\site-packages\discord\webhook\async_.py", line 221, in request
    raise NotFound(response, data)
discord.errors.NotFound: 404 Not Found (error code: 10062): Unknown interaction

During handling of the above exception, another exception occurred:

Traceback (most recent call last):
  File "C:\Users\User\AppData\Local\Programs\Python\Python312\Lib\site-packages\discord\app_commands\commands.py", line 858, in _do_call
    return await self._callback(interaction, **params)  # type: ignore
           ^^^^^^^^^^^^^^^^^^^^^^^^^^^^^^^^^^^^^^^^^^^
  File "D:\VisualStudio\Nythique\pdl.bot Ai\core\commands.py", line 194, in empty
    await interaction.response.send_message(f"Une erreur s'est produite lors du vidage des fichiers")
  File "C:\Users\User\AppData\Local\Programs\Python\Python312\Lib\site-packages\discord\interactions.py", line 855, in send_message
    await adapter.create_interaction_response(
  File "C:\Users\User\AppData\Local\Programs\Python\Python312\Lib\site-packages\discord\webhook\async_.py", line 223, in request
    raise HTTPException(response, data)
discord.errors.HTTPException: 400 Bad Request (error code: 40060): Interaction has already been acknowledged.

The above exception was the direct cause of the following exception:

Traceback (most recent call last):
  File "C:\Users\User\AppData\Local\Programs\Python\Python312\Lib\site-packages\discord\app_commands\tree.py", line 1310, in _call
    await command._invoke_with_namespace(interaction, namespace)
  File "C:\Users\User\AppData\Local\Programs\Python\Python312\Lib\site-packages\discord\app_commands\commands.py", line 883, in _invoke_with_namespace
    return await self._do_call(interaction, transformed_values)
           ^^^^^^^^^^^^^^^^^^^^^^^^^^^^^^^^^^^^^^^^^^^^^^^^^^^^
  File "C:\Users\User\AppData\Local\Programs\Python\Python312\Lib\site-packages\discord\app_commands\commands.py", line 876, in _do_call
    raise CommandInvokeError(self, e) from e
discord.app_commands.errors.CommandInvokeError: Command 'empty' raised an exception: HTTPException: 400 Bad Request (error code: 40060): Interaction has already been acknowledged.
[INFO] 2025-05-04 17:15:30 - [INFO] Changement de statut en cours...
[INFO] 2025-05-04 17:15:33 - [INFO] Changement de statut en cours...
[INFO] 2025-05-04 17:15:35 - [INFO] Changement de statut en cours...
[INFO] 2025-05-04 17:15:38 - [INFO] Changement de statut en cours...
[INFO] 2025-05-04 17:15:40 - [INFO] Changement de statut en cours...
[INFO] 2025-05-04 17:15:43 - [INFO] Changement de statut en cours...
[INFO] 2025-05-04 17:15:45 - [INFO] Changement de statut en cours...
[INFO] 2025-05-04 17:15:48 - [INFO] Changement de statut en cours...
[INFO] 2025-05-04 17:15:50 - [INFO] Changement de statut en cours...
[INFO] 2025-05-04 17:15:53 - [INFO] Changement de statut en cours...
[INFO] 2025-05-04 17:15:55 - [INFO] Changement de statut en cours...
[INFO] 2025-05-04 17:15:58 - [INFO] Changement de statut en cours...
[INFO] 2025-05-04 17:16:00 - [INFO] Changement de statut en cours...
[INFO] 2025-05-04 17:16:03 - [INFO] Changement de statut en cours...
[INFO] 2025-05-04 17:16:05 - [INFO] Changement de statut en cours...
[INFO] 2025-05-04 17:16:08 - [INFO] Changement de statut en cours...
[INFO] 2025-05-04 17:16:10 - [INFO] Changement de statut en cours...
[INFO] 2025-05-04 17:16:13 - [INFO] Changement de statut en cours...
[INFO] 2025-05-04 17:16:15 - [INFO] Changement de statut en cours...
[INFO] 2025-05-04 17:16:18 - [INFO] Changement de statut en cours...
[INFO] 2025-05-04 17:16:20 - [INFO] Changement de statut en cours...
[INFO] 2025-05-04 17:16:23 - [INFO] Changement de statut en cours...
[INFO] 2025-05-04 17:16:25 - [INFO] Changement de statut en cours...
[INFO] 2025-05-04 17:16:28 - [INFO] Changement de statut en cours...
[INFO] 2025-05-04 17:16:30 - [INFO] Changement de statut en cours...
[INFO] 2025-05-04 17:16:33 - [INFO] Changement de statut en cours...
[INFO] 2025-05-04 17:16:35 - [INFO] Changement de statut en cours...
[INFO] 2025-05-04 17:16:38 - [INFO] Changement de statut en cours...
[INFO] 2025-05-04 17:16:40 - [INFO] Changement de statut en cours...
[INFO] 2025-05-04 17:16:43 - [INFO] Changement de statut en cours...
[INFO] 2025-05-04 17:16:45 - [INFO] Changement de statut en cours...
[INFO] 2025-05-04 17:16:48 - [INFO] Changement de statut en cours...
[INFO] 2025-05-04 17:16:50 - [INFO] Changement de statut en cours...
[INFO] 2025-05-04 17:16:53 - [INFO] Changement de statut en cours...
[INFO] 2025-05-04 17:16:55 - [INFO] Changement de statut en cours...
[INFO] 2025-05-04 17:16:58 - [INFO] Changement de statut en cours...
[INFO] 2025-05-04 17:17:00 - [INFO] Changement de statut en cours...
[INFO] 2025-05-04 17:17:03 - [INFO] Changement de statut en cours...
[INFO] 2025-05-04 17:17:05 - [INFO] Changement de statut en cours...
[INFO] 2025-05-04 17:17:08 - [INFO] Changement de statut en cours...
[INFO] 2025-05-04 17:17:10 - [INFO] Changement de statut en cours...
[INFO] 2025-05-04 17:17:13 - [INFO] Changement de statut en cours...
[INFO] 2025-05-04 17:17:15 - [INFO] Changement de statut en cours...
[INFO] 2025-05-04 17:17:18 - [INFO] Changement de statut en cours...
[INFO] 2025-05-04 17:17:20 - [INFO] Changement de statut en cours...
[WARNING] 2025-05-04 17:17:21 - [SECURITY] Le processus de redémarrage est lancer pour PDL.AI
[ERROR] 2025-05-04 17:17:21 - [ERROR] Une erreur s'est produite lors du redémarrage : 404 Not Found (error code: 10062): Unknown interaction
[WARNING] 2025-05-04 17:17:24 - PyNaCl is not installed, voice will NOT be supported
[INFO] 2025-05-04 17:17:25 - [INFO] Changement de statut en cours...
[INFO] 2025-05-04 17:17:30 - [INFO] Connexion à l'API discord
[INFO] 2025-05-04 17:17:30 - logging in using static token
[INFO] 2025-05-04 17:17:30 - [INFO] Changement de statut en cours...
[INFO] 2025-05-04 17:17:32 - Shard ID None has connected to Gateway (Session ID: efc1f8d4dc71af2845bfbc2ab17f032a).
[INFO] 2025-05-04 17:17:34 - [INFO] Changement de statut en cours...
[INFO] 2025-05-04 17:17:34 - [INFO] 4 commandes synchronisées avec succès !
[INFO] 2025-05-04 17:17:34 - [INFO] 1 serveurs connectés !
[INFO] 2025-05-04 17:17:34 - [INFO] Le bot est connecté en tant que PDL.AI (ID: 1294035883309142026) !
[INFO] 2025-05-04 17:17:34 - [INFO] En attente des messages...
[INFO] 2025-05-04 17:17:35 - [INFO] Changement de statut en cours...
[INFO] 2025-05-04 17:17:39 - [INFO] Changement de statut en cours...
[INFO] 2025-05-04 17:17:40 - [INFO] Changement de statut en cours...
[INFO] 2025-05-04 17:17:44 - [INFO] Changement de statut en cours...
[INFO] 2025-05-04 17:17:45 - [INFO] Changement de statut en cours...
[INFO] 2025-05-04 17:17:49 - [INFO] Changement de statut en cours...
[INFO] 2025-05-04 17:17:50 - [INFO] Changement de statut en cours...
[INFO] 2025-05-04 17:17:54 - [INFO] Changement de statut en cours...
[INFO] 2025-05-04 17:17:55 - [INFO] Changement de statut en cours...
[INFO] 2025-05-04 17:17:59 - [INFO] Changement de statut en cours...
[INFO] 2025-05-04 17:18:00 - [INFO] Changement de statut en cours...
[INFO] 2025-05-04 17:18:04 - [INFO] Changement de statut en cours...
[INFO] 2025-05-04 17:18:05 - [INFO] Changement de statut en cours...
[INFO] 2025-05-04 17:18:09 - [INFO] Changement de statut en cours...
[INFO] 2025-05-04 17:18:10 - [INFO] Changement de statut en cours...
[INFO] 2025-05-04 17:18:14 - [INFO] Changement de statut en cours...
[INFO] 2025-05-04 17:18:15 - [INFO] Changement de statut en cours...
[INFO] 2025-05-04 17:18:19 - [INFO] Changement de statut en cours...
[INFO] 2025-05-04 17:18:20 - [INFO] Changement de statut en cours...
[INFO] 2025-05-04 17:18:24 - [INFO] Changement de statut en cours...
[INFO] 2025-05-04 17:18:25 - [INFO] Changement de statut en cours...
[INFO] 2025-05-04 17:18:29 - [INFO] Changement de statut en cours...
[INFO] 2025-05-04 17:18:30 - [INFO] Changement de statut en cours...
[INFO] 2025-05-04 17:18:34 - [INFO] Changement de statut en cours...
[INFO] 2025-05-04 17:18:35 - [INFO] Changement de statut en cours...
[INFO] 2025-05-04 17:18:39 - [INFO] Changement de statut en cours...
[INFO] 2025-05-04 17:18:40 - [INFO] Changement de statut en cours...
[INFO] 2025-05-04 17:18:44 - [INFO] Changement de statut en cours...
[INFO] 2025-05-04 17:18:45 - [INFO] Changement de statut en cours...
[INFO] 2025-05-04 17:18:49 - [INFO] Changement de statut en cours...
[INFO] 2025-05-04 17:18:50 - [INFO] Changement de statut en cours...
[INFO] 2025-05-04 17:18:54 - [INFO] Changement de statut en cours...
[INFO] 2025-05-04 17:18:55 - [INFO] Changement de statut en cours...
[INFO] 2025-05-04 17:18:59 - [INFO] Changement de statut en cours...
[INFO] 2025-05-04 17:19:00 - [INFO] Changement de statut en cours...
[INFO] 2025-05-04 17:19:04 - [INFO] Changement de statut en cours...
[INFO] 2025-05-04 17:19:05 - [INFO] Changement de statut en cours...
[INFO] 2025-05-04 17:19:09 - [INFO] Changement de statut en cours...
[INFO] 2025-05-04 17:19:10 - [INFO] Changement de statut en cours...
[INFO] 2025-05-04 17:19:14 - [INFO] Changement de statut en cours...
[INFO] 2025-05-04 17:19:15 - [INFO] Changement de statut en cours...
[INFO] 2025-05-04 17:19:19 - [INFO] Changement de statut en cours...
[INFO] 2025-05-04 17:19:20 - [INFO] Changement de statut en cours...
[INFO] 2025-05-04 17:19:24 - [INFO] Changement de statut en cours...
[INFO] 2025-05-04 17:19:25 - [INFO] Changement de statut en cours...
[INFO] 2025-05-04 17:19:29 - [INFO] Changement de statut en cours...
[INFO] 2025-05-04 17:19:30 - [INFO] Changement de statut en cours...
[INFO] 2025-05-04 17:19:34 - [INFO] Changement de statut en cours...
[INFO] 2025-05-04 17:19:35 - [INFO] Changement de statut en cours...
[INFO] 2025-05-04 17:19:39 - [INFO] Changement de statut en cours...
[INFO] 2025-05-04 17:19:40 - [INFO] Changement de statut en cours...
[INFO] 2025-05-04 17:19:44 - [INFO] Changement de statut en cours...
[INFO] 2025-05-04 17:19:45 - [INFO] Changement de statut en cours...
[INFO] 2025-05-04 17:19:49 - [INFO] Changement de statut en cours...
[INFO] 2025-05-04 17:19:50 - [INFO] Changement de statut en cours...
[INFO] 2025-05-04 17:19:54 - [INFO] Changement de statut en cours...
[INFO] 2025-05-04 17:19:55 - [INFO] Changement de statut en cours...
[INFO] 2025-05-04 17:19:59 - [INFO] Changement de statut en cours...
[INFO] 2025-05-04 17:20:00 - [INFO] Changement de statut en cours...
[INFO] 2025-05-04 17:20:04 - [INFO] Changement de statut en cours...
[INFO] 2025-05-04 17:20:05 - [INFO] Changement de statut en cours...
[INFO] 2025-05-04 17:20:09 - [INFO] Changement de statut en cours...
[INFO] 2025-05-04 17:20:10 - [INFO] Changement de statut en cours...
[INFO] 2025-05-04 17:20:14 - [INFO] Changement de statut en cours...
[INFO] 2025-05-04 17:20:15 - [INFO] Changement de statut en cours...
[INFO] 2025-05-04 17:20:19 - [INFO] Changement de statut en cours...
[INFO] 2025-05-04 17:20:20 - [INFO] Changement de statut en cours...
[INFO] 2025-05-04 17:20:24 - [INFO] Changement de statut en cours...
[INFO] 2025-05-04 17:20:25 - [INFO] Changement de statut en cours...
[INFO] 2025-05-04 17:20:29 - [INFO] Changement de statut en cours...
[INFO] 2025-05-04 17:20:30 - [INFO] Changement de statut en cours...
[INFO] 2025-05-04 17:20:34 - [INFO] Changement de statut en cours...
[INFO] 2025-05-04 17:20:35 - [INFO] Changement de statut en cours...
[INFO] 2025-05-04 17:20:39 - [INFO] Changement de statut en cours...
[INFO] 2025-05-04 17:20:40 - [INFO] Changement de statut en cours...
[INFO] 2025-05-04 17:20:44 - [INFO] Changement de statut en cours...
[INFO] 2025-05-04 17:20:45 - [INFO] Changement de statut en cours...
[INFO] 2025-05-04 17:20:49 - [INFO] Changement de statut en cours...
[INFO] 2025-05-04 17:20:50 - [INFO] Changement de statut en cours...
[INFO] 2025-05-04 17:20:54 - [INFO] Changement de statut en cours...
[INFO] 2025-05-04 17:20:55 - [INFO] Changement de statut en cours...
[INFO] 2025-05-04 17:20:59 - [INFO] Changement de statut en cours...
[INFO] 2025-05-04 17:21:00 - [INFO] Changement de statut en cours...
[INFO] 2025-05-04 17:21:04 - [INFO] Changement de statut en cours...
[INFO] 2025-05-04 17:21:05 - [INFO] Changement de statut en cours...
[INFO] 2025-05-04 17:21:09 - [INFO] Changement de statut en cours...
[INFO] 2025-05-04 17:21:10 - [INFO] Changement de statut en cours...
[INFO] 2025-05-04 17:21:14 - [INFO] Changement de statut en cours...
[INFO] 2025-05-04 17:21:15 - [INFO] Changement de statut en cours...
[INFO] 2025-05-04 17:21:19 - [INFO] Changement de statut en cours...
[INFO] 2025-05-04 17:21:20 - [INFO] Changement de statut en cours...
[INFO] 2025-05-04 17:21:24 - [INFO] Changement de statut en cours...
[INFO] 2025-05-04 17:21:25 - [INFO] Changement de statut en cours...
[INFO] 2025-05-04 17:21:29 - [INFO] Changement de statut en cours...
[INFO] 2025-05-04 17:21:30 - [INFO] Changement de statut en cours...
[INFO] 2025-05-04 17:21:34 - [INFO] Changement de statut en cours...
[INFO] 2025-05-04 17:21:35 - [INFO] Changement de statut en cours...
[INFO] 2025-05-04 17:21:39 - [INFO] Changement de statut en cours...
[INFO] 2025-05-04 17:21:40 - [INFO] Changement de statut en cours...
[INFO] 2025-05-04 17:21:44 - [INFO] Changement de statut en cours...
[INFO] 2025-05-04 17:21:45 - [INFO] Changement de statut en cours...
[INFO] 2025-05-04 17:21:49 - [INFO] Changement de statut en cours...
[INFO] 2025-05-04 17:21:50 - [INFO] Changement de statut en cours...
[INFO] 2025-05-04 17:21:54 - [INFO] Changement de statut en cours...
[INFO] 2025-05-04 17:21:55 - [INFO] Changement de statut en cours...
[INFO] 2025-05-04 17:21:59 - [INFO] Changement de statut en cours...
[INFO] 2025-05-04 17:22:00 - [INFO] Changement de statut en cours...
[INFO] 2025-05-04 17:22:04 - [INFO] Changement de statut en cours...
[INFO] 2025-05-04 17:22:05 - [INFO] Changement de statut en cours...
[INFO] 2025-05-04 17:22:09 - [INFO] Changement de statut en cours...
[INFO] 2025-05-04 17:22:10 - [INFO] Changement de statut en cours...
[INFO] 2025-05-04 17:22:14 - [INFO] Changement de statut en cours...
[INFO] 2025-05-04 17:22:15 - [INFO] Changement de statut en cours...
[INFO] 2025-05-04 17:22:19 - [INFO] Changement de statut en cours...
[INFO] 2025-05-04 17:22:20 - [INFO] Changement de statut en cours...
[INFO] 2025-05-04 17:22:24 - [INFO] Changement de statut en cours...
[INFO] 2025-05-04 17:22:25 - [INFO] Changement de statut en cours...
[INFO] 2025-05-04 17:22:29 - [INFO] Changement de statut en cours...
[INFO] 2025-05-04 17:22:30 - [INFO] Changement de statut en cours...
[INFO] 2025-05-04 17:22:34 - [INFO] Changement de statut en cours...
[INFO] 2025-05-04 17:22:35 - [INFO] Changement de statut en cours...
[INFO] 2025-05-04 17:22:39 - [INFO] Changement de statut en cours...
[INFO] 2025-05-04 17:22:40 - [INFO] Changement de statut en cours...
[INFO] 2025-05-04 17:22:44 - [INFO] Changement de statut en cours...
[INFO] 2025-05-04 17:22:45 - [INFO] Changement de statut en cours...
[INFO] 2025-05-04 17:22:49 - [INFO] Changement de statut en cours...
[INFO] 2025-05-04 17:22:50 - [INFO] Changement de statut en cours...
[INFO] 2025-05-04 17:22:54 - [INFO] Changement de statut en cours...
[INFO] 2025-05-04 17:22:55 - [INFO] Changement de statut en cours...
[INFO] 2025-05-04 17:22:59 - [INFO] Changement de statut en cours...
[INFO] 2025-05-04 17:23:00 - [INFO] Changement de statut en cours...
[INFO] 2025-05-04 17:23:04 - [INFO] Changement de statut en cours...
[INFO] 2025-05-04 17:23:05 - [INFO] Changement de statut en cours...
[INFO] 2025-05-04 17:23:09 - [INFO] Changement de statut en cours...
[INFO] 2025-05-04 17:23:10 - [INFO] Changement de statut en cours...
[INFO] 2025-05-04 17:23:14 - [INFO] Changement de statut en cours...
[INFO] 2025-05-04 17:23:15 - [INFO] Changement de statut en cours...
[INFO] 2025-05-04 17:23:19 - [INFO] Changement de statut en cours...
[INFO] 2025-05-04 17:23:20 - [INFO] Changement de statut en cours...
[INFO] 2025-05-04 17:23:24 - [INFO] Changement de statut en cours...
[INFO] 2025-05-04 17:23:25 - [INFO] Changement de statut en cours...
[INFO] 2025-05-04 17:23:29 - [INFO] Changement de statut en cours...
[INFO] 2025-05-04 17:23:30 - [INFO] Changement de statut en cours...
[INFO] 2025-05-04 17:23:34 - [INFO] Changement de statut en cours...
[INFO] 2025-05-04 17:23:35 - [INFO] Changement de statut en cours...
