[INFO] 2025-05-07 22:32:19 - [INFO] Log File a été vidé. Demandé par nythique
[INFO] 2025-05-07 22:32:19 - [INFO] Captured QR File a été vidé. Demandé par nythique
[ERROR] 2025-05-07 22:32:19 - Ignoring exception in command 'empty'
Traceback (most recent call last):
  File "C:\Users\User\AppData\Local\Programs\Python\Python312\Lib\site-packages\discord\app_commands\commands.py", line 858, in _do_call
    return await self._callback(interaction, **params)  # type: ignore
           ^^^^^^^^^^^^^^^^^^^^^^^^^^^^^^^^^^^^^^^^^^^
  File "D:\VisualStudio\Nythique\pdl.bot Ai\core\commands.py", line 211, in empty
    await interaction.response.send_message("Tous les fichiers ont été vidés avec succès.", ephemeral=True)
  File "C:\Users\User\AppData\Local\Programs\Python\Python312\Lib\site-packages\discord\interactions.py", line 855, in send_message
    await adapter.create_interaction_response(
  File "C:\Users\User\AppData\Local\Programs\Python\Python312\Lib\site-packages\discord\webhook\async_.py", line 223, in request
    raise HTTPException(response, data)
discord.errors.HTTPException: 400 Bad Request (error code: 40060): Interaction has already been acknowledged.

The above exception was the direct cause of the following exception:

Traceback (most recent call last):
  File "C:\Users\User\AppData\Local\Programs\Python\Python312\Lib\site-packages\discord\app_commands\tree.py", line 1310, in _call
    await command._invoke_with_namespace(interaction, namespace)
  File "C:\Users\User\AppData\Local\Programs\Python\Python312\Lib\site-packages\discord\app_commands\commands.py", line 883, in _invoke_with_namespace
    return await self._do_call(interaction, transformed_values)
           ^^^^^^^^^^^^^^^^^^^^^^^^^^^^^^^^^^^^^^^^^^^^^^^^^^^^
  File "C:\Users\User\AppData\Local\Programs\Python\Python312\Lib\site-packages\discord\app_commands\commands.py", line 876, in _do_call
    raise CommandInvokeError(self, e) from e
discord.app_commands.errors.CommandInvokeError: Command 'empty' raised an exception: HTTPException: 400 Bad Request (error code: 40060): Interaction has already been acknowledged.
[INFO] 2025-05-07 22:32:21 - [INFO] Changement de statut en cours...
[INFO] 2025-05-07 22:32:23 - [INFO] Changement de statut en cours...
[INFO] 2025-05-07 22:32:26 - [INFO] Changement de statut en cours...
[INFO] 2025-05-07 22:32:28 - [INFO] Changement de statut en cours...
[INFO] 2025-05-07 22:32:31 - [INFO] Changement de statut en cours...
[INFO] 2025-05-07 22:32:33 - [INFO] Changement de statut en cours...
[INFO] 2025-05-07 22:32:36 - [INFO] Changement de statut en cours...
[INFO] 2025-05-07 22:32:38 - [INFO] Changement de statut en cours...
[INFO] 2025-05-07 22:32:41 - [INFO] Changement de statut en cours...
[INFO] 2025-05-07 22:32:43 - [INFO] Changement de statut en cours...
[INFO] 2025-05-07 22:32:46 - [INFO] Changement de statut en cours...
[INFO] 2025-05-07 22:32:48 - [INFO] Changement de statut en cours...
[INFO] 2025-05-07 22:32:51 - [INFO] Changement de statut en cours...
[INFO] 2025-05-07 22:32:53 - [INFO] Changement de statut en cours...
[INFO] 2025-05-07 22:32:56 - [INFO] Changement de statut en cours...
[INFO] 2025-05-07 22:32:58 - [INFO] Changement de statut en cours...
[INFO] 2025-05-07 22:33:01 - [INFO] Changement de statut en cours...
[INFO] 2025-05-07 22:33:03 - [INFO] Changement de statut en cours...
[INFO] 2025-05-07 22:33:06 - [INFO] Changement de statut en cours...
[INFO] 2025-05-07 22:33:08 - [INFO] Changement de statut en cours...
[INFO] 2025-05-07 22:33:11 - [INFO] Changement de statut en cours...
[INFO] 2025-05-07 22:33:13 - [INFO] Changement de statut en cours...
[INFO] 2025-05-07 22:33:16 - [INFO] Changement de statut en cours...
[INFO] 2025-05-07 22:33:18 - [INFO] Changement de statut en cours...
[INFO] 2025-05-07 22:33:21 - [INFO] Changement de statut en cours...
[INFO] 2025-05-07 22:33:23 - [INFO] Changement de statut en cours...
[INFO] 2025-05-07 22:33:26 - [INFO] Changement de statut en cours...
[INFO] 2025-05-07 22:33:28 - [INFO] Changement de statut en cours...
[INFO] 2025-05-07 22:33:31 - [INFO] Changement de statut en cours...
[INFO] 2025-05-07 22:33:33 - [INFO] Changement de statut en cours...
[INFO] 2025-05-07 22:33:36 - [INFO] Changement de statut en cours...
[INFO] 2025-05-07 22:33:38 - [INFO] Changement de statut en cours...
[INFO] 2025-05-07 22:33:41 - [INFO] Changement de statut en cours...
[INFO] 2025-05-07 22:33:43 - [INFO] Changement de statut en cours...
[INFO] 2025-05-07 22:33:46 - [INFO] Changement de statut en cours...
[INFO] 2025-05-07 22:33:48 - [INFO] Changement de statut en cours...
[INFO] 2025-05-07 22:33:51 - [INFO] Changement de statut en cours...
[INFO] 2025-05-07 22:33:53 - [INFO] Changement de statut en cours...
[INFO] 2025-05-07 22:33:56 - [INFO] Changement de statut en cours...
[INFO] 2025-05-07 22:33:58 - [INFO] Changement de statut en cours...
[INFO] 2025-05-07 22:33:59 - [INFO] Une interaction est en cours dans le serveur
[INFO] 2025-05-07 22:33:59 - [INFO] Une question reçue.
[INFO] 2025-05-07 22:33:59 - [INFO] Une interaction est en cours dans le serveur
[INFO] 2025-05-07 22:33:59 - [INFO] Une question reçue.
[INFO] 2025-05-07 22:33:59 - [INFO] Similarité calculée: 1.0 pour la question: pdl
[INFO] 2025-05-07 22:33:59 - [INFO] Similarité calculée: 1.0 pour la question: pdl
[INFO] 2025-05-07 22:34:01 - [INFO] Changement de statut en cours...
[INFO] 2025-05-07 22:34:03 - [INFO] Changement de statut en cours...
[INFO] 2025-05-07 22:34:06 - [INFO] Une interaction est en cours dans le serveur
[INFO] 2025-05-07 22:34:06 - [INFO] Une question reçue.
[INFO] 2025-05-07 22:34:06 - [INFO] Une interaction est en cours dans le serveur
[INFO] 2025-05-07 22:34:06 - [INFO] Une question reçue.
[INFO] 2025-05-07 22:34:06 - [INFO] Similarité calculée: 1.0 pour la question: Pdl
[INFO] 2025-05-07 22:34:06 - [INFO] Similarité calculée: 1.0 pour la question: Pdl
[INFO] 2025-05-07 22:34:06 - [INFO] Changement de statut en cours...
[INFO] 2025-05-07 22:34:08 - [INFO] Changement de statut en cours...
[INFO] 2025-05-07 22:34:11 - [INFO] Changement de statut en cours...
[INFO] 2025-05-07 22:34:13 - [INFO] Changement de statut en cours...
[INFO] 2025-05-07 22:34:16 - [INFO] Changement de statut en cours...
[INFO] 2025-05-07 22:34:18 - [INFO] Changement de statut en cours...
[INFO] 2025-05-07 22:34:21 - [INFO] Changement de statut en cours...
[WARNING] 2025-05-07 22:34:23 - [SECURITY] Le processus de redémarrage est lancer pour PDL.AI
[ERROR] 2025-05-07 22:34:23 - [ERROR] Une erreur s'est produite lors du redémarrage : 404 Not Found (error code: 10062): Unknown interaction
[INFO] 2025-05-07 22:34:26 - [INFO] Initialisation de NLPEngine...
[INFO] 2025-05-07 22:34:26 - [INFO] NLPEngine initialisé avec succès.
[WARNING] 2025-05-07 22:34:26 - PyNaCl is not installed, voice will NOT be supported
[INFO] 2025-05-07 22:34:26 - [INFO] Changement de statut en cours...
[INFO] 2025-05-07 22:34:27 - [INFO] Initialisation de NLPEngine...
[INFO] 2025-05-07 22:34:27 - [INFO] NLPEngine initialisé avec succès.
[WARNING] 2025-05-07 22:34:27 - PyNaCl is not installed, voice will NOT be supported
[INFO] 2025-05-07 22:34:31 - [INFO] Changement de statut en cours...
[INFO] 2025-05-07 22:34:32 - [INFO] Connexion à l'API discord
[INFO] 2025-05-07 22:34:32 - logging in using static token
[INFO] 2025-05-07 22:34:34 - [INFO] Connexion à l'API discord
[INFO] 2025-05-07 22:34:34 - logging in using static token
[INFO] 2025-05-07 22:34:34 - Shard ID None has connected to Gateway (Session ID: 9b2e38f0224498f45637839045f549e0).
[INFO] 2025-05-07 22:34:35 - Shard ID None has connected to Gateway (Session ID: 39b9433b43945d527f95213bce3af0f7).
[INFO] 2025-05-07 22:34:36 - [INFO] Changement de statut en cours...
[INFO] 2025-05-07 22:34:36 - [INFO] 4 commandes synchronisées avec succès !
[INFO] 2025-05-07 22:34:36 - [INFO] 1 serveurs connectés !
[INFO] 2025-05-07 22:34:36 - [INFO] Le bot est connecté en tant que PDL.AI (ID: 1294035883309142026) !
[INFO] 2025-05-07 22:34:36 - [INFO] En attente des messages...
[INFO] 2025-05-07 22:34:36 - [INFO] Changement de statut en cours...
[INFO] 2025-05-07 22:34:37 - [INFO] Changement de statut en cours...
[INFO] 2025-05-07 22:34:41 - [INFO] Changement de statut en cours...
[INFO] 2025-05-07 22:34:41 - [INFO] Changement de statut en cours...
[INFO] 2025-05-07 22:34:42 - [INFO] Changement de statut en cours...
[INFO] 2025-05-07 22:34:46 - [INFO] Changement de statut en cours...
[INFO] 2025-05-07 22:34:46 - [INFO] Changement de statut en cours...
[INFO] 2025-05-07 22:34:47 - [INFO] Changement de statut en cours...
[INFO] 2025-05-07 22:34:51 - [INFO] Changement de statut en cours...
[INFO] 2025-05-07 22:34:51 - [INFO] Changement de statut en cours...
[INFO] 2025-05-07 22:34:52 - [INFO] Changement de statut en cours...
[INFO] 2025-05-07 22:34:55 - [INFO] Une interaction est en cours dans le serveur
[INFO] 2025-05-07 22:34:55 - [INFO] Une question reçue.
[INFO] 2025-05-07 22:34:55 - [INFO] Une interaction est en cours dans le serveur
[INFO] 2025-05-07 22:34:55 - [INFO] Une question reçue.
[INFO] 2025-05-07 22:34:55 - [INFO] Une interaction est en cours dans le serveur
[INFO] 2025-05-07 22:34:55 - [INFO] Une question reçue.
[INFO] 2025-05-07 22:34:55 - [INFO] Similarité calculée: 1.0 pour la question: Pdl
[INFO] 2025-05-07 22:34:55 - [INFO] Similarité calculée: 1.0 pour la question: Pdl
[INFO] 2025-05-07 22:34:55 - [INFO] Similarité calculée: 1.0 pour la question: Pdl
[INFO] 2025-05-07 22:34:56 - [INFO] Changement de statut en cours...
[INFO] 2025-05-07 22:34:56 - [INFO] Changement de statut en cours...
[INFO] 2025-05-07 22:34:57 - [INFO] Changement de statut en cours...
[INFO] 2025-05-07 22:35:01 - [INFO] Changement de statut en cours...
[INFO] 2025-05-07 22:35:01 - [INFO] Changement de statut en cours...
[INFO] 2025-05-07 22:35:02 - [INFO] Changement de statut en cours...
